  game.cpp
c:\users\student\desktop\ツール作成\item.h(17): warning C4005: 'COLLISION_PARTS': マクロが再定義されました。
  c:\users\student\desktop\ツール作成\object.h(17): note: 'COLLISION_PARTS' の以前の定義を確認してください
game.cpp(265): warning C4244: '引数': 'int' から 'FLOAT' への変換です。データが失われる可能性があります。
game.cpp(277): warning C4244: '引数': 'int' から 'FLOAT' への変換です。データが失われる可能性があります。
game.cpp(328): warning C4244: '=': 'float' から 'int' への変換です。データが失われる可能性があります。
game.cpp(333): warning C4244: '=': 'float' から 'int' への変換です。データが失われる可能性があります。
game.cpp(350): warning C4244: '=': 'float' から 'int' への変換です。データが失われる可能性があります。
game.cpp(355): warning C4244: '=': 'float' から 'int' への変換です。データが失われる可能性があります。
game.cpp(361): warning C4244: '+=': 'float' から 'int' への変換です。データが失われる可能性があります。
game.cpp(366): warning C4244: '-=': 'float' から 'int' への変換です。データが失われる可能性があります。
game.cpp(459): warning C4129: ',': エスケープ シーケンスとして正しく認識されませんでした。
game.cpp(459): warning C4129: ')': エスケープ シーケンスとして正しく認識されませんでした。
game.cpp(487): warning C4129: ',': エスケープ シーケンスとして正しく認識されませんでした。
game.cpp(487): warning C4129: ')': エスケープ シーケンスとして正しく認識されませんでした。
  コード生成しています。
  3 of 248 functions ( 1.2%) were compiled, the rest were copied from previous compilation.
    0 functions were new in current compilation
    0 functions had inline decision re-evaluated but remain unchanged
  コード生成が終了しました。
  Win32Project11.vcxproj -> C:\Users\student\Desktop\ツール作成\Win32Project11.exe
  Win32Project11.vcxproj -> C:\Users\student\Desktop\ツール作成\Win32Project11.pdb (Full PDB)
